--------------------------------------------------------------------------
Failed to create a completion queue (CQ):

Hostname: node6
Requested CQE: 16384
Error:    Cannot allocate memory

Check the CQE attribute.
--------------------------------------------------------------------------
--------------------------------------------------------------------------
Open MPI has detected that there are UD-capable Verbs devices on your
system, but none of them were able to be setup properly.  This may
indicate a problem on this system.

You job will continue, but Open MPI will ignore the "ud" oob component
in this run.

Hostname: node6
--------------------------------------------------------------------------
--------------------------------------------------------------------------
Failed to create a completion queue (CQ):

Hostname: node6
Requested CQE: 16384
Error:    Cannot allocate memory

Check the CQE attribute.
--------------------------------------------------------------------------
--------------------------------------------------------------------------
Open MPI has detected that there are UD-capable Verbs devices on your
system, but none of them were able to be setup properly.  This may
indicate a problem on this system.

You job will continue, but Open MPI will ignore the "ud" oob component
in this run.

Hostname: node6
--------------------------------------------------------------------------
--------------------------------------------------------------------------
Failed to create a completion queue (CQ):

Hostname: node6
Requested CQE: 16384
Error:    Cannot allocate memory

Check the CQE attribute.
--------------------------------------------------------------------------
--------------------------------------------------------------------------
Open MPI has detected that there are UD-capable Verbs devices on your
system, but none of them were able to be setup properly.  This may
indicate a problem on this system.

You job will continue, but Open MPI will ignore the "ud" oob component
in this run.

Hostname: node6
--------------------------------------------------------------------------
--------------------------------------------------------------------------
Failed to create a completion queue (CQ):

Hostname: node6
Requested CQE: 16384
Error:    Cannot allocate memory

Check the CQE attribute.
--------------------------------------------------------------------------
--------------------------------------------------------------------------
Open MPI has detected that there are UD-capable Verbs devices on your
system, but none of them were able to be setup properly.  This may
indicate a problem on this system.

You job will continue, but Open MPI will ignore the "ud" oob component
in this run.

Hostname: node6
--------------------------------------------------------------------------
--------------------------------------------------------------------------
Failed to create a completion queue (CQ):

Hostname: node6
Requested CQE: 16384
Error:    Cannot allocate memory

Check the CQE attribute.
--------------------------------------------------------------------------
--------------------------------------------------------------------------
Open MPI has detected that there are UD-capable Verbs devices on your
system, but none of them were able to be setup properly.  This may
indicate a problem on this system.

You job will continue, but Open MPI will ignore the "ud" oob component
in this run.

Hostname: node6
--------------------------------------------------------------------------
--------------------------------------------------------------------------
Failed to create a completion queue (CQ):

Hostname: node6
Requested CQE: 16384
Error:    Cannot allocate memory

Check the CQE attribute.
--------------------------------------------------------------------------
--------------------------------------------------------------------------
Open MPI has detected that there are UD-capable Verbs devices on your
system, but none of them were able to be setup properly.  This may
indicate a problem on this system.

You job will continue, but Open MPI will ignore the "ud" oob component
in this run.

Hostname: node6
--------------------------------------------------------------------------
--------------------------------------------------------------------------
Failed to create a completion queue (CQ):

Hostname: node6
Requested CQE: 16384
Error:    Cannot allocate memory

Check the CQE attribute.
--------------------------------------------------------------------------
--------------------------------------------------------------------------
Open MPI has detected that there are UD-capable Verbs devices on your
system, but none of them were able to be setup properly.  This may
indicate a problem on this system.

You job will continue, but Open MPI will ignore the "ud" oob component
in this run.

Hostname: node6
--------------------------------------------------------------------------
--------------------------------------------------------------------------
Failed to create a completion queue (CQ):

Hostname: node6
Requested CQE: 16384
Error:    Cannot allocate memory

Check the CQE attribute.
--------------------------------------------------------------------------
--------------------------------------------------------------------------
Open MPI has detected that there are UD-capable Verbs devices on your
system, but none of them were able to be setup properly.  This may
indicate a problem on this system.

You job will continue, but Open MPI will ignore the "ud" oob component
in this run.

Hostname: node6
--------------------------------------------------------------------------
--------------------------------------------------------------------------
Failed to create a completion queue (CQ):

Hostname: node6
Requested CQE: 16384
Error:    Cannot allocate memory

Check the CQE attribute.
--------------------------------------------------------------------------
--------------------------------------------------------------------------
Open MPI has detected that there are UD-capable Verbs devices on your
system, but none of them were able to be setup properly.  This may
indicate a problem on this system.

You job will continue, but Open MPI will ignore the "ud" oob component
in this run.

Hostname: node6
--------------------------------------------------------------------------
--------------------------------------------------------------------------
Failed to create a completion queue (CQ):

Hostname: node6
Requested CQE: 16384
Error:    Cannot allocate memory

Check the CQE attribute.
--------------------------------------------------------------------------
--------------------------------------------------------------------------
Open MPI has detected that there are UD-capable Verbs devices on your
system, but none of them were able to be setup properly.  This may
indicate a problem on this system.

You job will continue, but Open MPI will ignore the "ud" oob component
in this run.

Hostname: node6
--------------------------------------------------------------------------
--------------------------------------------------------------------------
Failed to create a completion queue (CQ):

Hostname: node6
Requested CQE: 16384
Error:    Cannot allocate memory

Check the CQE attribute.
--------------------------------------------------------------------------
--------------------------------------------------------------------------
Open MPI has detected that there are UD-capable Verbs devices on your
system, but none of them were able to be setup properly.  This may
indicate a problem on this system.

You job will continue, but Open MPI will ignore the "ud" oob component
in this run.

Hostname: node6
--------------------------------------------------------------------------
--------------------------------------------------------------------------
Failed to create a completion queue (CQ):

Hostname: node6
Requested CQE: 16384
Error:    Cannot allocate memory

Check the CQE attribute.
--------------------------------------------------------------------------
--------------------------------------------------------------------------
Open MPI has detected that there are UD-capable Verbs devices on your
system, but none of them were able to be setup properly.  This may
indicate a problem on this system.

You job will continue, but Open MPI will ignore the "ud" oob component
in this run.

Hostname: node6
--------------------------------------------------------------------------
--------------------------------------------------------------------------
Failed to create a completion queue (CQ):

Hostname: node6
Requested CQE: 16384
Error:    Cannot allocate memory

Check the CQE attribute.
--------------------------------------------------------------------------
--------------------------------------------------------------------------
Open MPI has detected that there are UD-capable Verbs devices on your
system, but none of them were able to be setup properly.  This may
indicate a problem on this system.

You job will continue, but Open MPI will ignore the "ud" oob component
in this run.

Hostname: node6
--------------------------------------------------------------------------
--------------------------------------------------------------------------
Failed to create a completion queue (CQ):

Hostname: node6
Requested CQE: 16384
Error:    Cannot allocate memory

Check the CQE attribute.
--------------------------------------------------------------------------
--------------------------------------------------------------------------
Open MPI has detected that there are UD-capable Verbs devices on your
system, but none of them were able to be setup properly.  This may
indicate a problem on this system.

You job will continue, but Open MPI will ignore the "ud" oob component
in this run.

Hostname: node6
--------------------------------------------------------------------------
--------------------------------------------------------------------------
Failed to create a completion queue (CQ):

Hostname: node6
Requested CQE: 16384
Error:    Cannot allocate memory

Check the CQE attribute.
--------------------------------------------------------------------------
--------------------------------------------------------------------------
Open MPI has detected that there are UD-capable Verbs devices on your
system, but none of them were able to be setup properly.  This may
indicate a problem on this system.

You job will continue, but Open MPI will ignore the "ud" oob component
in this run.

Hostname: node6
--------------------------------------------------------------------------
--------------------------------------------------------------------------
Failed to create a completion queue (CQ):

Hostname: node6
Requested CQE: 16384
Error:    Cannot allocate memory

Check the CQE attribute.
--------------------------------------------------------------------------
--------------------------------------------------------------------------
Open MPI has detected that there are UD-capable Verbs devices on your
system, but none of them were able to be setup properly.  This may
indicate a problem on this system.

You job will continue, but Open MPI will ignore the "ud" oob component
in this run.

Hostname: node6
--------------------------------------------------------------------------
--------------------------------------------------------------------------
Failed to create a completion queue (CQ):

Hostname: node6
Requested CQE: 16384
Error:    Cannot allocate memory

Check the CQE attribute.
--------------------------------------------------------------------------
--------------------------------------------------------------------------
Open MPI has detected that there are UD-capable Verbs devices on your
system, but none of them were able to be setup properly.  This may
indicate a problem on this system.

You job will continue, but Open MPI will ignore the "ud" oob component
in this run.

Hostname: node6
--------------------------------------------------------------------------
--------------------------------------------------------------------------
Failed to create a completion queue (CQ):

Hostname: node6
Requested CQE: 16384
Error:    Cannot allocate memory

Check the CQE attribute.
--------------------------------------------------------------------------
--------------------------------------------------------------------------
Open MPI has detected that there are UD-capable Verbs devices on your
system, but none of them were able to be setup properly.  This may
indicate a problem on this system.

You job will continue, but Open MPI will ignore the "ud" oob component
in this run.

Hostname: node6
--------------------------------------------------------------------------
--------------------------------------------------------------------------
Failed to create a completion queue (CQ):

Hostname: node6
Requested CQE: 16384
Error:    Cannot allocate memory

Check the CQE attribute.
--------------------------------------------------------------------------
--------------------------------------------------------------------------
Open MPI has detected that there are UD-capable Verbs devices on your
system, but none of them were able to be setup properly.  This may
indicate a problem on this system.

You job will continue, but Open MPI will ignore the "ud" oob component
in this run.

Hostname: node6
--------------------------------------------------------------------------
--------------------------------------------------------------------------
Failed to create a completion queue (CQ):

Hostname: node6
Requested CQE: 16384
Error:    Cannot allocate memory

Check the CQE attribute.
--------------------------------------------------------------------------
--------------------------------------------------------------------------
Open MPI has detected that there are UD-capable Verbs devices on your
system, but none of them were able to be setup properly.  This may
indicate a problem on this system.

You job will continue, but Open MPI will ignore the "ud" oob component
in this run.

Hostname: node6
--------------------------------------------------------------------------
--------------------------------------------------------------------------
No OpenFabrics connection schemes reported that they were able to be
used on a specific port.  As such, the openib BTL (OpenFabrics
support) will be disabled for this port.

  Local host:           node6
  Local device:         mlx4_0
  Local port:           1
  CPCs attempted:       rdmacm, udcm
--------------------------------------------------------------------------
--------------------------------------------------------------------------
Failed to create a completion queue (CQ):

Hostname: node6
Requested CQE: 16384
Error:    Cannot allocate memory

Check the CQE attribute.
--------------------------------------------------------------------------
--------------------------------------------------------------------------
Open MPI has detected that there are UD-capable Verbs devices on your
system, but none of them were able to be setup properly.  This may
indicate a problem on this system.

You job will continue, but Open MPI will ignore the "ud" oob component
in this run.

Hostname: node6
--------------------------------------------------------------------------
--------------------------------------------------------------------------
Failed to create a completion queue (CQ):

Hostname: node6
Requested CQE: 16384
Error:    Cannot allocate memory

Check the CQE attribute.
--------------------------------------------------------------------------
--------------------------------------------------------------------------
Open MPI has detected that there are UD-capable Verbs devices on your
system, but none of them were able to be setup properly.  This may
indicate a problem on this system.

You job will continue, but Open MPI will ignore the "ud" oob component
in this run.

Hostname: node6
--------------------------------------------------------------------------
--------------------------------------------------------------------------
Failed to create a completion queue (CQ):

Hostname: node6
Requested CQE: 16384
Error:    Cannot allocate memory

Check the CQE attribute.
--------------------------------------------------------------------------
--------------------------------------------------------------------------
Open MPI has detected that there are UD-capable Verbs devices on your
system, but none of them were able to be setup properly.  This may
indicate a problem on this system.

You job will continue, but Open MPI will ignore the "ud" oob component
in this run.

Hostname: node6
--------------------------------------------------------------------------
--------------------------------------------------------------------------
Failed to create a completion queue (CQ):

Hostname: node6
Requested CQE: 16384
Error:    Cannot allocate memory

Check the CQE attribute.
--------------------------------------------------------------------------
--------------------------------------------------------------------------
Open MPI has detected that there are UD-capable Verbs devices on your
system, but none of them were able to be setup properly.  This may
indicate a problem on this system.

You job will continue, but Open MPI will ignore the "ud" oob component
in this run.

Hostname: node6
--------------------------------------------------------------------------
--------------------------------------------------------------------------
Failed to create a completion queue (CQ):

Hostname: node6
Requested CQE: 16384
Error:    Cannot allocate memory

Check the CQE attribute.
--------------------------------------------------------------------------
--------------------------------------------------------------------------
Failed to create a completion queue (CQ):

Hostname: node6
Requested CQE: 16384
Error:    Cannot allocate memory

Check the CQE attribute.
--------------------------------------------------------------------------
--------------------------------------------------------------------------
Open MPI has detected that there are UD-capable Verbs devices on your
system, but none of them were able to be setup properly.  This may
indicate a problem on this system.

You job will continue, but Open MPI will ignore the "ud" oob component
in this run.

Hostname: node6
--------------------------------------------------------------------------
--------------------------------------------------------------------------
Open MPI has detected that there are UD-capable Verbs devices on your
system, but none of them were able to be setup properly.  This may
indicate a problem on this system.

You job will continue, but Open MPI will ignore the "ud" oob component
in this run.

Hostname: node6
--------------------------------------------------------------------------
--------------------------------------------------------------------------
Failed to create a completion queue (CQ):

Hostname: node6
Requested CQE: 16384
Error:    Cannot allocate memory

Check the CQE attribute.
--------------------------------------------------------------------------
--------------------------------------------------------------------------
Open MPI has detected that there are UD-capable Verbs devices on your
system, but none of them were able to be setup properly.  This may
indicate a problem on this system.

You job will continue, but Open MPI will ignore the "ud" oob component
in this run.

Hostname: node6
--------------------------------------------------------------------------
--------------------------------------------------------------------------
Failed to create a completion queue (CQ):

Hostname: node6
Requested CQE: 16384
Error:    Cannot allocate memory

Check the CQE attribute.
--------------------------------------------------------------------------
--------------------------------------------------------------------------
Open MPI has detected that there are UD-capable Verbs devices on your
system, but none of them were able to be setup properly.  This may
indicate a problem on this system.

You job will continue, but Open MPI will ignore the "ud" oob component
in this run.

Hostname: node6
--------------------------------------------------------------------------
--------------------------------------------------------------------------
Failed to create a completion queue (CQ):

Hostname: node6
Requested CQE: 16384
Error:    Cannot allocate memory

Check the CQE attribute.
--------------------------------------------------------------------------
--------------------------------------------------------------------------
Open MPI has detected that there are UD-capable Verbs devices on your
system, but none of them were able to be setup properly.  This may
indicate a problem on this system.

You job will continue, but Open MPI will ignore the "ud" oob component
in this run.

Hostname: node6
--------------------------------------------------------------------------
--------------------------------------------------------------------------
Failed to create a completion queue (CQ):

Hostname: node6
Requested CQE: 16384
Error:    Cannot allocate memory

Check the CQE attribute.
--------------------------------------------------------------------------
--------------------------------------------------------------------------
Open MPI has detected that there are UD-capable Verbs devices on your
system, but none of them were able to be setup properly.  This may
indicate a problem on this system.

You job will continue, but Open MPI will ignore the "ud" oob component
in this run.

Hostname: node6
--------------------------------------------------------------------------
--------------------------------------------------------------------------
Failed to create a completion queue (CQ):

Hostname: node6
Requested CQE: 16384
Error:    Cannot allocate memory

Check the CQE attribute.
--------------------------------------------------------------------------
--------------------------------------------------------------------------
Open MPI has detected that there are UD-capable Verbs devices on your
system, but none of them were able to be setup properly.  This may
indicate a problem on this system.

You job will continue, but Open MPI will ignore the "ud" oob component
in this run.

Hostname: node6
--------------------------------------------------------------------------
 starting wrf task             3  of            60
  starting wrf task             7  of            60
 starting wrf task            15  of            60
 starting wrf task            21  of            60
 starting wrf task            29  of            60
 starting wrf task             1  of            60
 starting wrf task             4  of            60
 starting wrf task             9  of            60
 starting wrf task            11  of            60
 starting wrf task            16  of            60
 starting wrf task            17  of            60
 starting wrf task            19  of            60
 starting wrf task            22  of            60
 starting wrf task            23  of            60
 starting wrf task            25  of            60
 starting wrf task            27  of            60
 starting wrf task             0  of            60
 starting wrf task             2  of            60
 starting wrf task             6  of            60
 starting wrf task             8  of            60
 starting wrf task            14  of            60
 starting wrf task            20  of            60
 starting wrf task            24  of            60
 starting wrf task            26  of            60
 starting wrf task            28  of            60
  starting wrf task            10  of            60
 starting wrf task            13  of            60
 starting wrf task            38  of            60
 starting wrf task            12  of            60
 starting wrf task            18  of            60
starting wrf task             5  of            60
 starting wrf task            40  of            60
 starting wrf task            30  of            60
 starting wrf task            32  of            60
 starting wrf task            42  of            60
 starting wrf task            46  of            60
 starting wrf task            48  of            60
 starting wrf task            52  of            60
 starting wrf task            54  of            60
 starting wrf task            56  of            60
 starting wrf task            58  of            60
 starting wrf task            31  of            60
 starting wrf task            33  of            60
 starting wrf task            34  of            60
 starting wrf task            35  of            60
 starting wrf task            37  of            60
 starting wrf task            39  of            60
 starting wrf task            41  of            60
 starting wrf task            44  of            60
 starting wrf task            45  of            60
 starting wrf task            47  of            60
 starting wrf task            49  of            60
 starting wrf task            50  of            60
 starting wrf task            51  of            60
 starting wrf task            53  of            60
 starting wrf task            55  of            60
 starting wrf task            57  of            60
 starting wrf task            59  of            60
 starting wrf task            43  of            60
starting wrf task            36  of            60
--------------------------------------------------------------------------
MPI_ABORT was invoked on rank 0 in communicator MPI_COMM_WORLD
with errorcode 1.

NOTE: invoking MPI_ABORT causes Open MPI to kill all MPI processes.
You may or may not see output from other processes, depending on
exactly when Open MPI kills them.
--------------------------------------------------------------------------
[node6:05087] 29 more processes have sent help message help-mpi-btl-openib-cpc-base.txt / no cpcs for port
[node6:05087] Set MCA parameter "orte_base_help_aggregate" to 0 to see all help / error messages
[node6:05087] 58 more processes have sent help message help-mpi-api.txt / mpi-abort
